[2.546s] Invoking command in '/home/jetson/ros2_ws/src/tank_control_pkg': PYTHONPATH=/home/jetson/ros2_ws/build/tank_control_pkg/prefix_override:/usr/lib/python3/dist-packages/colcon_core/task/python/colcon_distutils_commands:/home/jetson/ros2_ws/install/tank_control_pkg/lib/python3.10/site-packages:${PYTHONPATH} /usr/bin/python3 -W ignore:setup.py install is deprecated -W ignore:easy_install command is deprecated setup.py egg_info --egg-base ../../build/tank_control_pkg build --build-base /home/jetson/ros2_ws/build/tank_control_pkg/build install --record /home/jetson/ros2_ws/build/tank_control_pkg/install.log --single-version-externally-managed install_data
[3.132s] running egg_info
[3.134s] writing ../../build/tank_control_pkg/tank_control_pkg.egg-info/PKG-INFO
[3.135s] writing dependency_links to ../../build/tank_control_pkg/tank_control_pkg.egg-info/dependency_links.txt
[3.135s] writing entry points to ../../build/tank_control_pkg/tank_control_pkg.egg-info/entry_points.txt
[3.136s] writing requirements to ../../build/tank_control_pkg/tank_control_pkg.egg-info/requires.txt
[3.136s] writing top-level names to ../../build/tank_control_pkg/tank_control_pkg.egg-info/top_level.txt
[3.142s] reading manifest file '../../build/tank_control_pkg/tank_control_pkg.egg-info/SOURCES.txt'
[3.145s] writing manifest file '../../build/tank_control_pkg/tank_control_pkg.egg-info/SOURCES.txt'
[3.146s] running build
[3.147s] running build_py
[3.147s] copying tank_control_pkg/tank_control.py -> /home/jetson/ros2_ws/build/tank_control_pkg/build/lib/tank_control_pkg
[3.148s] running install
[3.149s] running install_lib
[3.151s] copying /home/jetson/ros2_ws/build/tank_control_pkg/build/lib/tank_control_pkg/tank_control.py -> /home/jetson/ros2_ws/install/tank_control_pkg/lib/python3.10/site-packages/tank_control_pkg
[3.153s] byte-compiling /home/jetson/ros2_ws/install/tank_control_pkg/lib/python3.10/site-packages/tank_control_pkg/tank_control.py to tank_control.cpython-310.pyc
[3.157s] running install_data
[3.158s] running install_egg_info
[3.163s] removing '/home/jetson/ros2_ws/install/tank_control_pkg/lib/python3.10/site-packages/tank_control_pkg-0.0.0-py3.10.egg-info' (and everything under it)
[3.164s] Copying ../../build/tank_control_pkg/tank_control_pkg.egg-info to /home/jetson/ros2_ws/install/tank_control_pkg/lib/python3.10/site-packages/tank_control_pkg-0.0.0-py3.10.egg-info
[3.166s] running install_scripts
[3.227s] Installing linear_test script to /home/jetson/ros2_ws/install/tank_control_pkg/lib/tank_control_pkg
[3.228s] Installing tank_control script to /home/jetson/ros2_ws/install/tank_control_pkg/lib/tank_control_pkg
[3.229s] writing list of installed files to '/home/jetson/ros2_ws/build/tank_control_pkg/install.log'
[3.339s] Invoked command in '/home/jetson/ros2_ws/src/tank_control_pkg' returned '0': PYTHONPATH=/home/jetson/ros2_ws/build/tank_control_pkg/prefix_override:/usr/lib/python3/dist-packages/colcon_core/task/python/colcon_distutils_commands:/home/jetson/ros2_ws/install/tank_control_pkg/lib/python3.10/site-packages:${PYTHONPATH} /usr/bin/python3 -W ignore:setup.py install is deprecated -W ignore:easy_install command is deprecated setup.py egg_info --egg-base ../../build/tank_control_pkg build --build-base /home/jetson/ros2_ws/build/tank_control_pkg/build install --record /home/jetson/ros2_ws/build/tank_control_pkg/install.log --single-version-externally-managed install_data
