[2.247s] Invoking command in '/home/jetson/ros2_ws/src/tank_control_pkg': PYTHONPATH=/home/jetson/ros2_ws/build/tank_control_pkg/prefix_override:/usr/lib/python3/dist-packages/colcon_core/task/python/colcon_distutils_commands:/home/jetson/ros2_ws/install/tank_control_pkg/lib/python3.10/site-packages:${PYTHONPATH} /usr/bin/python3 -W ignore:setup.py install is deprecated -W ignore:easy_install command is deprecated setup.py egg_info --egg-base ../../build/tank_control_pkg build --build-base /home/jetson/ros2_ws/build/tank_control_pkg/build install --record /home/jetson/ros2_ws/build/tank_control_pkg/install.log --single-version-externally-managed install_data
[2.849s] running egg_info
[2.851s] writing ../../build/tank_control_pkg/tank_control_pkg.egg-info/PKG-INFO
[2.852s] writing dependency_links to ../../build/tank_control_pkg/tank_control_pkg.egg-info/dependency_links.txt
[2.852s] writing entry points to ../../build/tank_control_pkg/tank_control_pkg.egg-info/entry_points.txt
[2.853s] writing requirements to ../../build/tank_control_pkg/tank_control_pkg.egg-info/requires.txt
[2.853s] writing top-level names to ../../build/tank_control_pkg/tank_control_pkg.egg-info/top_level.txt
[2.860s] reading manifest file '../../build/tank_control_pkg/tank_control_pkg.egg-info/SOURCES.txt'
[2.861s] writing manifest file '../../build/tank_control_pkg/tank_control_pkg.egg-info/SOURCES.txt'
[2.861s] running build
[2.861s] running build_py
[2.862s] copying tank_control_pkg/tank_control.py -> /home/jetson/ros2_ws/build/tank_control_pkg/build/lib/tank_control_pkg
[2.863s] running install
[2.864s] running install_lib
[2.867s] copying /home/jetson/ros2_ws/build/tank_control_pkg/build/lib/tank_control_pkg/tank_control.py -> /home/jetson/ros2_ws/install/tank_control_pkg/lib/python3.10/site-packages/tank_control_pkg
[2.869s] byte-compiling /home/jetson/ros2_ws/install/tank_control_pkg/lib/python3.10/site-packages/tank_control_pkg/tank_control.py to tank_control.cpython-310.pyc
[2.872s] running install_data
[2.873s] running install_egg_info
[2.878s] removing '/home/jetson/ros2_ws/install/tank_control_pkg/lib/python3.10/site-packages/tank_control_pkg-0.0.0-py3.10.egg-info' (and everything under it)
[2.878s] Copying ../../build/tank_control_pkg/tank_control_pkg.egg-info to /home/jetson/ros2_ws/install/tank_control_pkg/lib/python3.10/site-packages/tank_control_pkg-0.0.0-py3.10.egg-info
[2.881s] running install_scripts
[2.940s] Installing linear_test script to /home/jetson/ros2_ws/install/tank_control_pkg/lib/tank_control_pkg
[2.941s] Installing tank_control script to /home/jetson/ros2_ws/install/tank_control_pkg/lib/tank_control_pkg
[2.942s] writing list of installed files to '/home/jetson/ros2_ws/build/tank_control_pkg/install.log'
[3.078s] Invoked command in '/home/jetson/ros2_ws/src/tank_control_pkg' returned '0': PYTHONPATH=/home/jetson/ros2_ws/build/tank_control_pkg/prefix_override:/usr/lib/python3/dist-packages/colcon_core/task/python/colcon_distutils_commands:/home/jetson/ros2_ws/install/tank_control_pkg/lib/python3.10/site-packages:${PYTHONPATH} /usr/bin/python3 -W ignore:setup.py install is deprecated -W ignore:easy_install command is deprecated setup.py egg_info --egg-base ../../build/tank_control_pkg build --build-base /home/jetson/ros2_ws/build/tank_control_pkg/build install --record /home/jetson/ros2_ws/build/tank_control_pkg/install.log --single-version-externally-managed install_data
