[0.397s] DEBUG:colcon:Command line arguments: ['/usr/bin/colcon', 'build']
[0.397s] DEBUG:colcon:Parsed command line arguments: Namespace(log_base=None, log_level=None, verb_name='build', build_base='build', install_base='install', merge_install=False, symlink_install=False, test_result_base=None, continue_on_error=False, executor='parallel', parallel_workers=6, event_handlers=None, ignore_user_meta=False, metas=['./colcon.meta'], base_paths=['.'], packages_ignore=None, packages_ignore_regex=None, paths=None, packages_up_to=None, packages_up_to_regex=None, packages_above=None, packages_above_and_dependencies=None, packages_above_depth=None, packages_select_by_dep=None, packages_skip_by_dep=None, packages_skip_up_to=None, packages_select_build_failed=False, packages_skip_build_finished=False, packages_select_test_failures=False, packages_skip_test_passed=False, packages_select=None, packages_skip=None, packages_select_regex=None, packages_skip_regex=None, packages_start=None, packages_end=None, allow_overriding=[], cmake_args=None, cmake_target=None, cmake_target_skip_unavailable=False, cmake_clean_cache=False, cmake_clean_first=False, cmake_force_configure=False, ament_cmake_args=None, catkin_cmake_args=None, catkin_skip_building_tests=False, verb_parser=<colcon_defaults.argument_parser.defaults.DefaultArgumentsDecorator object at 0xffff948e6800>, verb_extension=<colcon_core.verb.build.BuildVerb object at 0xffff948e62f0>, main=<bound method BuildVerb.main of <colcon_core.verb.build.BuildVerb object at 0xffff948e62f0>>)
[0.982s] Level 1:colcon.colcon_core.package_discovery:discover_packages(colcon_meta) check parameters
[0.982s] Level 1:colcon.colcon_core.package_discovery:discover_packages(recursive) check parameters
[0.982s] Level 1:colcon.colcon_core.package_discovery:discover_packages(ignore) check parameters
[0.982s] Level 1:colcon.colcon_core.package_discovery:discover_packages(path) check parameters
[0.982s] Level 1:colcon.colcon_core.package_discovery:discover_packages(colcon_meta) discover
[0.983s] Level 1:colcon.colcon_core.package_discovery:discover_packages(recursive) discover
[0.983s] INFO:colcon.colcon_core.package_discovery:Crawling recursively for packages in '/home/jetson/ros2_ws'
[0.983s] Level 1:colcon.colcon_core.package_identification:_identify(.) by extensions ['ignore', 'ignore_ament_install']
[0.983s] Level 1:colcon.colcon_core.package_identification:_identify(.) by extension 'ignore'
[0.984s] Level 1:colcon.colcon_core.package_identification:_identify(.) by extension 'ignore_ament_install'
[0.984s] Level 1:colcon.colcon_core.package_identification:_identify(.) by extensions ['colcon_pkg']
[0.984s] Level 1:colcon.colcon_core.package_identification:_identify(.) by extension 'colcon_pkg'
[0.984s] Level 1:colcon.colcon_core.package_identification:_identify(.) by extensions ['colcon_meta']
[0.984s] Level 1:colcon.colcon_core.package_identification:_identify(.) by extension 'colcon_meta'
[0.984s] Level 1:colcon.colcon_core.package_identification:_identify(.) by extensions ['ros']
[0.984s] Level 1:colcon.colcon_core.package_identification:_identify(.) by extension 'ros'
[1.022s] Level 1:colcon.colcon_core.package_identification:_identify(.) by extensions ['cmake', 'python']
[1.022s] Level 1:colcon.colcon_core.package_identification:_identify(.) by extension 'cmake'
[1.023s] Level 1:colcon.colcon_core.package_identification:_identify(.) by extension 'python'
[1.023s] Level 1:colcon.colcon_core.package_identification:_identify(.) by extensions ['python_setup_py']
[1.023s] Level 1:colcon.colcon_core.package_identification:_identify(.) by extension 'python_setup_py'
[1.023s] Level 1:colcon.colcon_core.package_identification:_identify(build) by extensions ['ignore', 'ignore_ament_install']
[1.024s] Level 1:colcon.colcon_core.package_identification:_identify(build) by extension 'ignore'
[1.024s] Level 1:colcon.colcon_core.package_identification:_identify(build) ignored
[1.024s] Level 1:colcon.colcon_core.package_identification:_identify(documents) by extensions ['ignore', 'ignore_ament_install']
[1.024s] Level 1:colcon.colcon_core.package_identification:_identify(documents) by extension 'ignore'
[1.024s] Level 1:colcon.colcon_core.package_identification:_identify(documents) by extension 'ignore_ament_install'
[1.025s] Level 1:colcon.colcon_core.package_identification:_identify(documents) by extensions ['colcon_pkg']
[1.025s] Level 1:colcon.colcon_core.package_identification:_identify(documents) by extension 'colcon_pkg'
[1.025s] Level 1:colcon.colcon_core.package_identification:_identify(documents) by extensions ['colcon_meta']
[1.025s] Level 1:colcon.colcon_core.package_identification:_identify(documents) by extension 'colcon_meta'
[1.025s] Level 1:colcon.colcon_core.package_identification:_identify(documents) by extensions ['ros']
[1.025s] Level 1:colcon.colcon_core.package_identification:_identify(documents) by extension 'ros'
[1.025s] Level 1:colcon.colcon_core.package_identification:_identify(documents) by extensions ['cmake', 'python']
[1.025s] Level 1:colcon.colcon_core.package_identification:_identify(documents) by extension 'cmake'
[1.025s] Level 1:colcon.colcon_core.package_identification:_identify(documents) by extension 'python'
[1.026s] Level 1:colcon.colcon_core.package_identification:_identify(documents) by extensions ['python_setup_py']
[1.026s] Level 1:colcon.colcon_core.package_identification:_identify(documents) by extension 'python_setup_py'
[1.026s] Level 1:colcon.colcon_core.package_identification:_identify(github) by extensions ['ignore', 'ignore_ament_install']
[1.026s] Level 1:colcon.colcon_core.package_identification:_identify(github) by extension 'ignore'
[1.026s] Level 1:colcon.colcon_core.package_identification:_identify(github) by extension 'ignore_ament_install'
[1.026s] Level 1:colcon.colcon_core.package_identification:_identify(github) by extensions ['colcon_pkg']
[1.026s] Level 1:colcon.colcon_core.package_identification:_identify(github) by extension 'colcon_pkg'
[1.026s] Level 1:colcon.colcon_core.package_identification:_identify(github) by extensions ['colcon_meta']
[1.027s] Level 1:colcon.colcon_core.package_identification:_identify(github) by extension 'colcon_meta'
[1.027s] Level 1:colcon.colcon_core.package_identification:_identify(github) by extensions ['ros']
[1.027s] Level 1:colcon.colcon_core.package_identification:_identify(github) by extension 'ros'
[1.027s] Level 1:colcon.colcon_core.package_identification:_identify(github) by extensions ['cmake', 'python']
[1.027s] Level 1:colcon.colcon_core.package_identification:_identify(github) by extension 'cmake'
[1.027s] Level 1:colcon.colcon_core.package_identification:_identify(github) by extension 'python'
[1.027s] Level 1:colcon.colcon_core.package_identification:_identify(github) by extensions ['python_setup_py']
[1.027s] Level 1:colcon.colcon_core.package_identification:_identify(github) by extension 'python_setup_py'
[1.028s] Level 1:colcon.colcon_core.package_identification:_identify(img) by extensions ['ignore', 'ignore_ament_install']
[1.028s] Level 1:colcon.colcon_core.package_identification:_identify(img) by extension 'ignore'
[1.028s] Level 1:colcon.colcon_core.package_identification:_identify(img) by extension 'ignore_ament_install'
[1.028s] Level 1:colcon.colcon_core.package_identification:_identify(img) by extensions ['colcon_pkg']
[1.028s] Level 1:colcon.colcon_core.package_identification:_identify(img) by extension 'colcon_pkg'
[1.028s] Level 1:colcon.colcon_core.package_identification:_identify(img) by extensions ['colcon_meta']
[1.028s] Level 1:colcon.colcon_core.package_identification:_identify(img) by extension 'colcon_meta'
[1.028s] Level 1:colcon.colcon_core.package_identification:_identify(img) by extensions ['ros']
[1.028s] Level 1:colcon.colcon_core.package_identification:_identify(img) by extension 'ros'
[1.029s] Level 1:colcon.colcon_core.package_identification:_identify(img) by extensions ['cmake', 'python']
[1.029s] Level 1:colcon.colcon_core.package_identification:_identify(img) by extension 'cmake'
[1.029s] Level 1:colcon.colcon_core.package_identification:_identify(img) by extension 'python'
[1.029s] Level 1:colcon.colcon_core.package_identification:_identify(img) by extensions ['python_setup_py']
[1.029s] Level 1:colcon.colcon_core.package_identification:_identify(img) by extension 'python_setup_py'
[1.029s] Level 1:colcon.colcon_core.package_identification:_identify(install) by extensions ['ignore', 'ignore_ament_install']
[1.029s] Level 1:colcon.colcon_core.package_identification:_identify(install) by extension 'ignore'
[1.030s] Level 1:colcon.colcon_core.package_identification:_identify(install) ignored
[1.030s] Level 1:colcon.colcon_core.package_identification:_identify(log) by extensions ['ignore', 'ignore_ament_install']
[1.030s] Level 1:colcon.colcon_core.package_identification:_identify(log) by extension 'ignore'
[1.030s] Level 1:colcon.colcon_core.package_identification:_identify(log) ignored
[1.030s] Level 1:colcon.colcon_core.package_identification:_identify(src) by extensions ['ignore', 'ignore_ament_install']
[1.030s] Level 1:colcon.colcon_core.package_identification:_identify(src) by extension 'ignore'
[1.031s] Level 1:colcon.colcon_core.package_identification:_identify(src) by extension 'ignore_ament_install'
[1.031s] Level 1:colcon.colcon_core.package_identification:_identify(src) by extensions ['colcon_pkg']
[1.031s] Level 1:colcon.colcon_core.package_identification:_identify(src) by extension 'colcon_pkg'
[1.031s] Level 1:colcon.colcon_core.package_identification:_identify(src) by extensions ['colcon_meta']
[1.031s] Level 1:colcon.colcon_core.package_identification:_identify(src) by extension 'colcon_meta'
[1.031s] Level 1:colcon.colcon_core.package_identification:_identify(src) by extensions ['ros']
[1.031s] Level 1:colcon.colcon_core.package_identification:_identify(src) by extension 'ros'
[1.031s] Level 1:colcon.colcon_core.package_identification:_identify(src) by extensions ['cmake', 'python']
[1.031s] Level 1:colcon.colcon_core.package_identification:_identify(src) by extension 'cmake'
[1.032s] Level 1:colcon.colcon_core.package_identification:_identify(src) by extension 'python'
[1.032s] Level 1:colcon.colcon_core.package_identification:_identify(src) by extensions ['python_setup_py']
[1.032s] Level 1:colcon.colcon_core.package_identification:_identify(src) by extension 'python_setup_py'
[1.032s] Level 1:colcon.colcon_core.package_identification:_identify(src/params_pkg) by extensions ['ignore', 'ignore_ament_install']
[1.032s] Level 1:colcon.colcon_core.package_identification:_identify(src/params_pkg) by extension 'ignore'
[1.032s] Level 1:colcon.colcon_core.package_identification:_identify(src/params_pkg) by extension 'ignore_ament_install'
[1.032s] Level 1:colcon.colcon_core.package_identification:_identify(src/params_pkg) by extensions ['colcon_pkg']
[1.032s] Level 1:colcon.colcon_core.package_identification:_identify(src/params_pkg) by extension 'colcon_pkg'
[1.033s] Level 1:colcon.colcon_core.package_identification:_identify(src/params_pkg) by extensions ['colcon_meta']
[1.033s] Level 1:colcon.colcon_core.package_identification:_identify(src/params_pkg) by extension 'colcon_meta'
[1.033s] Level 1:colcon.colcon_core.package_identification:_identify(src/params_pkg) by extensions ['ros']
[1.033s] Level 1:colcon.colcon_core.package_identification:_identify(src/params_pkg) by extension 'ros'
[1.033s] Level 1:colcon.colcon_core.package_identification:_identify(src/params_pkg) by extensions ['cmake', 'python']
[1.033s] Level 1:colcon.colcon_core.package_identification:_identify(src/params_pkg) by extension 'cmake'
[1.033s] Level 1:colcon.colcon_core.package_identification:_identify(src/params_pkg) by extension 'python'
[1.033s] Level 1:colcon.colcon_core.package_identification:_identify(src/params_pkg) by extensions ['python_setup_py']
[1.033s] Level 1:colcon.colcon_core.package_identification:_identify(src/params_pkg) by extension 'python_setup_py'
[1.034s] Level 1:colcon.colcon_core.package_identification:_identify(src/params_pkg/params) by extensions ['ignore', 'ignore_ament_install']
[1.034s] Level 1:colcon.colcon_core.package_identification:_identify(src/params_pkg/params) by extension 'ignore'
[1.034s] Level 1:colcon.colcon_core.package_identification:_identify(src/params_pkg/params) by extension 'ignore_ament_install'
[1.034s] Level 1:colcon.colcon_core.package_identification:_identify(src/params_pkg/params) by extensions ['colcon_pkg']
[1.034s] Level 1:colcon.colcon_core.package_identification:_identify(src/params_pkg/params) by extension 'colcon_pkg'
[1.034s] Level 1:colcon.colcon_core.package_identification:_identify(src/params_pkg/params) by extensions ['colcon_meta']
[1.034s] Level 1:colcon.colcon_core.package_identification:_identify(src/params_pkg/params) by extension 'colcon_meta'
[1.034s] Level 1:colcon.colcon_core.package_identification:_identify(src/params_pkg/params) by extensions ['ros']
[1.034s] Level 1:colcon.colcon_core.package_identification:_identify(src/params_pkg/params) by extension 'ros'
[1.035s] Level 1:colcon.colcon_core.package_identification:_identify(src/params_pkg/params) by extensions ['cmake', 'python']
[1.035s] Level 1:colcon.colcon_core.package_identification:_identify(src/params_pkg/params) by extension 'cmake'
[1.035s] Level 1:colcon.colcon_core.package_identification:_identify(src/params_pkg/params) by extension 'python'
[1.035s] Level 1:colcon.colcon_core.package_identification:_identify(src/params_pkg/params) by extensions ['python_setup_py']
[1.035s] Level 1:colcon.colcon_core.package_identification:_identify(src/params_pkg/params) by extension 'python_setup_py'
[1.035s] Level 1:colcon.colcon_core.package_identification:_identify(src/robot_peripherals_pkg) by extensions ['ignore', 'ignore_ament_install']
[1.035s] Level 1:colcon.colcon_core.package_identification:_identify(src/robot_peripherals_pkg) by extension 'ignore'
[1.036s] Level 1:colcon.colcon_core.package_identification:_identify(src/robot_peripherals_pkg) by extension 'ignore_ament_install'
[1.036s] Level 1:colcon.colcon_core.package_identification:_identify(src/robot_peripherals_pkg) by extensions ['colcon_pkg']
[1.036s] Level 1:colcon.colcon_core.package_identification:_identify(src/robot_peripherals_pkg) by extension 'colcon_pkg'
[1.036s] Level 1:colcon.colcon_core.package_identification:_identify(src/robot_peripherals_pkg) by extensions ['colcon_meta']
[1.036s] Level 1:colcon.colcon_core.package_identification:_identify(src/robot_peripherals_pkg) by extension 'colcon_meta'
[1.036s] Level 1:colcon.colcon_core.package_identification:_identify(src/robot_peripherals_pkg) by extensions ['ros']
[1.036s] Level 1:colcon.colcon_core.package_identification:_identify(src/robot_peripherals_pkg) by extension 'ros'
[1.047s] DEBUG:colcon.colcon_core.package_identification:Package 'src/robot_peripherals_pkg' with type 'ros.ament_python' and name 'robot_peripherals_pkg'
[1.047s] Level 1:colcon.colcon_core.package_identification:_identify(src/tank_control_pkg) by extensions ['ignore', 'ignore_ament_install']
[1.047s] Level 1:colcon.colcon_core.package_identification:_identify(src/tank_control_pkg) by extension 'ignore'
[1.048s] Level 1:colcon.colcon_core.package_identification:_identify(src/tank_control_pkg) by extension 'ignore_ament_install'
[1.048s] Level 1:colcon.colcon_core.package_identification:_identify(src/tank_control_pkg) by extensions ['colcon_pkg']
[1.048s] Level 1:colcon.colcon_core.package_identification:_identify(src/tank_control_pkg) by extension 'colcon_pkg'
[1.048s] Level 1:colcon.colcon_core.package_identification:_identify(src/tank_control_pkg) by extensions ['colcon_meta']
[1.048s] Level 1:colcon.colcon_core.package_identification:_identify(src/tank_control_pkg) by extension 'colcon_meta'
[1.048s] Level 1:colcon.colcon_core.package_identification:_identify(src/tank_control_pkg) by extensions ['ros']
[1.048s] Level 1:colcon.colcon_core.package_identification:_identify(src/tank_control_pkg) by extension 'ros'
[1.050s] DEBUG:colcon.colcon_core.package_identification:Package 'src/tank_control_pkg' with type 'ros.ament_python' and name 'tank_control_pkg'
[1.050s] Level 1:colcon.colcon_core.package_discovery:discover_packages(recursive) using defaults
[1.051s] Level 1:colcon.colcon_core.package_discovery:discover_packages(ignore) discover
[1.051s] Level 1:colcon.colcon_core.package_discovery:discover_packages(ignore) using defaults
[1.051s] Level 1:colcon.colcon_core.package_discovery:discover_packages(path) discover
[1.051s] Level 1:colcon.colcon_core.package_discovery:discover_packages(path) using defaults
[1.113s] Level 1:colcon.colcon_core.package_discovery:discover_packages(prefix_path) check parameters
[1.114s] Level 1:colcon.colcon_core.package_discovery:discover_packages(prefix_path) discover
[1.119s] DEBUG:colcon.colcon_installed_package_information.package_discovery:Found 271 installed packages in /opt/ros/humble
[1.125s] Level 1:colcon.colcon_core.package_discovery:discover_packages(prefix_path) using defaults
[1.262s] Level 5:colcon.colcon_core.verb:set package 'robot_peripherals_pkg' build argument 'cmake_args' from command line to 'None'
[1.263s] Level 5:colcon.colcon_core.verb:set package 'robot_peripherals_pkg' build argument 'cmake_target' from command line to 'None'
[1.263s] Level 5:colcon.colcon_core.verb:set package 'robot_peripherals_pkg' build argument 'cmake_target_skip_unavailable' from command line to 'False'
[1.263s] Level 5:colcon.colcon_core.verb:set package 'robot_peripherals_pkg' build argument 'cmake_clean_cache' from command line to 'False'
[1.263s] Level 5:colcon.colcon_core.verb:set package 'robot_peripherals_pkg' build argument 'cmake_clean_first' from command line to 'False'
[1.263s] Level 5:colcon.colcon_core.verb:set package 'robot_peripherals_pkg' build argument 'cmake_force_configure' from command line to 'False'
[1.263s] Level 5:colcon.colcon_core.verb:set package 'robot_peripherals_pkg' build argument 'ament_cmake_args' from command line to 'None'
[1.263s] Level 5:colcon.colcon_core.verb:set package 'robot_peripherals_pkg' build argument 'catkin_cmake_args' from command line to 'None'
[1.263s] Level 5:colcon.colcon_core.verb:set package 'robot_peripherals_pkg' build argument 'catkin_skip_building_tests' from command line to 'False'
[1.263s] DEBUG:colcon.colcon_core.verb:Building package 'robot_peripherals_pkg' with the following arguments: {'ament_cmake_args': None, 'build_base': '/home/jetson/ros2_ws/build/robot_peripherals_pkg', 'catkin_cmake_args': None, 'catkin_skip_building_tests': False, 'cmake_args': None, 'cmake_clean_cache': False, 'cmake_clean_first': False, 'cmake_force_configure': False, 'cmake_target': None, 'cmake_target_skip_unavailable': False, 'install_base': '/home/jetson/ros2_ws/install/robot_peripherals_pkg', 'merge_install': False, 'path': '/home/jetson/ros2_ws/src/robot_peripherals_pkg', 'symlink_install': False, 'test_result_base': None}
[1.264s] Level 5:colcon.colcon_core.verb:set package 'tank_control_pkg' build argument 'cmake_args' from command line to 'None'
[1.264s] Level 5:colcon.colcon_core.verb:set package 'tank_control_pkg' build argument 'cmake_target' from command line to 'None'
[1.264s] Level 5:colcon.colcon_core.verb:set package 'tank_control_pkg' build argument 'cmake_target_skip_unavailable' from command line to 'False'
[1.264s] Level 5:colcon.colcon_core.verb:set package 'tank_control_pkg' build argument 'cmake_clean_cache' from command line to 'False'
[1.264s] Level 5:colcon.colcon_core.verb:set package 'tank_control_pkg' build argument 'cmake_clean_first' from command line to 'False'
[1.264s] Level 5:colcon.colcon_core.verb:set package 'tank_control_pkg' build argument 'cmake_force_configure' from command line to 'False'
[1.264s] Level 5:colcon.colcon_core.verb:set package 'tank_control_pkg' build argument 'ament_cmake_args' from command line to 'None'
[1.264s] Level 5:colcon.colcon_core.verb:set package 'tank_control_pkg' build argument 'catkin_cmake_args' from command line to 'None'
[1.264s] Level 5:colcon.colcon_core.verb:set package 'tank_control_pkg' build argument 'catkin_skip_building_tests' from command line to 'False'
[1.265s] DEBUG:colcon.colcon_core.verb:Building package 'tank_control_pkg' with the following arguments: {'ament_cmake_args': None, 'build_base': '/home/jetson/ros2_ws/build/tank_control_pkg', 'catkin_cmake_args': None, 'catkin_skip_building_tests': False, 'cmake_args': None, 'cmake_clean_cache': False, 'cmake_clean_first': False, 'cmake_force_configure': False, 'cmake_target': None, 'cmake_target_skip_unavailable': False, 'install_base': '/home/jetson/ros2_ws/install/tank_control_pkg', 'merge_install': False, 'path': '/home/jetson/ros2_ws/src/tank_control_pkg', 'symlink_install': False, 'test_result_base': None}
[1.265s] INFO:colcon.colcon_core.executor:Executing jobs using 'parallel' executor
[1.269s] DEBUG:colcon.colcon_parallel_executor.executor.parallel:run_until_complete
[1.270s] INFO:colcon.colcon_ros.task.ament_python.build:Building ROS package in '/home/jetson/ros2_ws/src/robot_peripherals_pkg' with build type 'ament_python'
[1.270s] Level 1:colcon.colcon_core.shell:create_environment_hook('robot_peripherals_pkg', 'ament_prefix_path')
[1.276s] INFO:colcon.colcon_core.plugin_system:Skipping extension 'colcon_core.shell.bat': Not used on non-Windows systems
[1.276s] INFO:colcon.colcon_core.shell:Creating environment hook '/home/jetson/ros2_ws/install/robot_peripherals_pkg/share/robot_peripherals_pkg/hook/ament_prefix_path.ps1'
[1.279s] INFO:colcon.colcon_core.shell:Creating environment descriptor '/home/jetson/ros2_ws/install/robot_peripherals_pkg/share/robot_peripherals_pkg/hook/ament_prefix_path.dsv'
[1.280s] INFO:colcon.colcon_core.shell:Creating environment hook '/home/jetson/ros2_ws/install/robot_peripherals_pkg/share/robot_peripherals_pkg/hook/ament_prefix_path.sh'
[1.282s] INFO:colcon.colcon_core.shell:Skip shell extension 'powershell' for command environment: Not usable outside of PowerShell
[1.282s] DEBUG:colcon.colcon_core.shell:Skip shell extension 'dsv' for command environment
[1.288s] INFO:colcon.colcon_ros.task.ament_python.build:Building ROS package in '/home/jetson/ros2_ws/src/tank_control_pkg' with build type 'ament_python'
[1.289s] Level 1:colcon.colcon_core.shell:create_environment_hook('tank_control_pkg', 'ament_prefix_path')
[1.290s] INFO:colcon.colcon_core.shell:Creating environment hook '/home/jetson/ros2_ws/install/tank_control_pkg/share/tank_control_pkg/hook/ament_prefix_path.ps1'
[1.291s] INFO:colcon.colcon_core.shell:Creating environment descriptor '/home/jetson/ros2_ws/install/tank_control_pkg/share/tank_control_pkg/hook/ament_prefix_path.dsv'
[1.292s] INFO:colcon.colcon_core.shell:Creating environment hook '/home/jetson/ros2_ws/install/tank_control_pkg/share/tank_control_pkg/hook/ament_prefix_path.sh'
[1.293s] INFO:colcon.colcon_core.shell:Skip shell extension 'powershell' for command environment: Not usable outside of PowerShell
[1.294s] DEBUG:colcon.colcon_core.shell:Skip shell extension 'dsv' for command environment
[1.937s] INFO:colcon.colcon_core.task.python.build:Building Python package in '/home/jetson/ros2_ws/src/robot_peripherals_pkg'
[1.938s] INFO:colcon.colcon_core.shell:Skip shell extension 'powershell' for command environment: Not usable outside of PowerShell
[1.939s] DEBUG:colcon.colcon_core.shell:Skip shell extension 'dsv' for command environment
[2.582s] INFO:colcon.colcon_core.task.python.build:Building Python package in '/home/jetson/ros2_ws/src/tank_control_pkg'
[2.584s] INFO:colcon.colcon_core.shell:Skip shell extension 'powershell' for command environment: Not usable outside of PowerShell
[2.584s] DEBUG:colcon.colcon_core.shell:Skip shell extension 'dsv' for command environment
[3.628s] DEBUG:colcon.colcon_core.event_handler.log_command:Invoking command in '/home/jetson/ros2_ws/src/tank_control_pkg': PYTHONPATH=/home/jetson/ros2_ws/build/tank_control_pkg/prefix_override:/usr/lib/python3/dist-packages/colcon_core/task/python/colcon_distutils_commands:/home/jetson/ros2_ws/install/tank_control_pkg/lib/python3.10/site-packages:${PYTHONPATH} /usr/bin/python3 -W ignore:setup.py install is deprecated -W ignore:easy_install command is deprecated setup.py egg_info --egg-base ../../build/tank_control_pkg build --build-base /home/jetson/ros2_ws/build/tank_control_pkg/build install --record /home/jetson/ros2_ws/build/tank_control_pkg/install.log --single-version-externally-managed install_data
[3.851s] DEBUG:colcon.colcon_core.event_handler.log_command:Invoking command in '/home/jetson/ros2_ws/src/robot_peripherals_pkg': PYTHONPATH=/home/jetson/ros2_ws/build/robot_peripherals_pkg/prefix_override:/usr/lib/python3/dist-packages/colcon_core/task/python/colcon_distutils_commands:/home/jetson/ros2_ws/install/robot_peripherals_pkg/lib/python3.10/site-packages:${PYTHONPATH} /usr/bin/python3 -W ignore:setup.py install is deprecated -W ignore:easy_install command is deprecated setup.py egg_info --egg-base ../../build/robot_peripherals_pkg build --build-base /home/jetson/ros2_ws/build/robot_peripherals_pkg/build install --record /home/jetson/ros2_ws/build/robot_peripherals_pkg/install.log --single-version-externally-managed install_data
[4.561s] DEBUG:colcon.colcon_core.event_handler.log_command:Invoked command in '/home/jetson/ros2_ws/src/tank_control_pkg' returned '0': PYTHONPATH=/home/jetson/ros2_ws/build/tank_control_pkg/prefix_override:/usr/lib/python3/dist-packages/colcon_core/task/python/colcon_distutils_commands:/home/jetson/ros2_ws/install/tank_control_pkg/lib/python3.10/site-packages:${PYTHONPATH} /usr/bin/python3 -W ignore:setup.py install is deprecated -W ignore:easy_install command is deprecated setup.py egg_info --egg-base ../../build/tank_control_pkg build --build-base /home/jetson/ros2_ws/build/tank_control_pkg/build install --record /home/jetson/ros2_ws/build/tank_control_pkg/install.log --single-version-externally-managed install_data
[4.568s] Level 1:colcon.colcon_core.environment:checking '/home/jetson/ros2_ws/install/tank_control_pkg' for CMake module files
[4.569s] Level 1:colcon.colcon_core.environment:checking '/home/jetson/ros2_ws/install/tank_control_pkg' for CMake config files
[4.571s] Level 1:colcon.colcon_core.environment:checking '/home/jetson/ros2_ws/install/tank_control_pkg/lib'
[4.571s] Level 1:colcon.colcon_core.environment:checking '/home/jetson/ros2_ws/install/tank_control_pkg/bin'
[4.572s] Level 1:colcon.colcon_core.environment:checking '/home/jetson/ros2_ws/install/tank_control_pkg/lib/pkgconfig/tank_control_pkg.pc'
[4.572s] Level 1:colcon.colcon_core.environment:checking '/home/jetson/ros2_ws/install/tank_control_pkg/lib/python3.10/site-packages'
[4.572s] Level 1:colcon.colcon_core.shell:create_environment_hook('tank_control_pkg', 'pythonpath')
[4.573s] INFO:colcon.colcon_core.shell:Creating environment hook '/home/jetson/ros2_ws/install/tank_control_pkg/share/tank_control_pkg/hook/pythonpath.ps1'
[4.574s] INFO:colcon.colcon_core.shell:Creating environment descriptor '/home/jetson/ros2_ws/install/tank_control_pkg/share/tank_control_pkg/hook/pythonpath.dsv'
[4.576s] INFO:colcon.colcon_core.shell:Creating environment hook '/home/jetson/ros2_ws/install/tank_control_pkg/share/tank_control_pkg/hook/pythonpath.sh'
[4.577s] Level 1:colcon.colcon_core.environment:checking '/home/jetson/ros2_ws/install/tank_control_pkg/bin'
[4.577s] Level 1:colcon.colcon_core.environment:create_environment_scripts_only(tank_control_pkg)
[4.578s] INFO:colcon.colcon_core.shell:Creating package script '/home/jetson/ros2_ws/install/tank_control_pkg/share/tank_control_pkg/package.ps1'
[4.581s] INFO:colcon.colcon_core.shell:Creating package descriptor '/home/jetson/ros2_ws/install/tank_control_pkg/share/tank_control_pkg/package.dsv'
[4.583s] INFO:colcon.colcon_core.shell:Creating package script '/home/jetson/ros2_ws/install/tank_control_pkg/share/tank_control_pkg/package.sh'
[4.586s] INFO:colcon.colcon_core.shell:Creating package script '/home/jetson/ros2_ws/install/tank_control_pkg/share/tank_control_pkg/package.bash'
[4.588s] INFO:colcon.colcon_core.shell:Creating package script '/home/jetson/ros2_ws/install/tank_control_pkg/share/tank_control_pkg/package.zsh'
[4.591s] Level 1:colcon.colcon_core.environment:create_file_with_runtime_dependencies(/home/jetson/ros2_ws/install/tank_control_pkg/share/colcon-core/packages/tank_control_pkg)
[4.686s] Level 1:colcon.colcon_core.environment:checking '/home/jetson/ros2_ws/install/robot_peripherals_pkg' for CMake module files
[4.688s] DEBUG:colcon.colcon_core.event_handler.log_command:Invoked command in '/home/jetson/ros2_ws/src/robot_peripherals_pkg' returned '0': PYTHONPATH=/home/jetson/ros2_ws/build/robot_peripherals_pkg/prefix_override:/usr/lib/python3/dist-packages/colcon_core/task/python/colcon_distutils_commands:/home/jetson/ros2_ws/install/robot_peripherals_pkg/lib/python3.10/site-packages:${PYTHONPATH} /usr/bin/python3 -W ignore:setup.py install is deprecated -W ignore:easy_install command is deprecated setup.py egg_info --egg-base ../../build/robot_peripherals_pkg build --build-base /home/jetson/ros2_ws/build/robot_peripherals_pkg/build install --record /home/jetson/ros2_ws/build/robot_peripherals_pkg/install.log --single-version-externally-managed install_data
[4.688s] Level 1:colcon.colcon_core.environment:checking '/home/jetson/ros2_ws/install/robot_peripherals_pkg' for CMake config files
[4.690s] Level 1:colcon.colcon_core.environment:checking '/home/jetson/ros2_ws/install/robot_peripherals_pkg/lib'
[4.690s] Level 1:colcon.colcon_core.environment:checking '/home/jetson/ros2_ws/install/robot_peripherals_pkg/bin'
[4.691s] Level 1:colcon.colcon_core.environment:checking '/home/jetson/ros2_ws/install/robot_peripherals_pkg/lib/pkgconfig/robot_peripherals_pkg.pc'
[4.691s] Level 1:colcon.colcon_core.environment:checking '/home/jetson/ros2_ws/install/robot_peripherals_pkg/lib/python3.10/site-packages'
[4.692s] Level 1:colcon.colcon_core.shell:create_environment_hook('robot_peripherals_pkg', 'pythonpath')
[4.693s] INFO:colcon.colcon_core.shell:Creating environment hook '/home/jetson/ros2_ws/install/robot_peripherals_pkg/share/robot_peripherals_pkg/hook/pythonpath.ps1'
[4.698s] INFO:colcon.colcon_core.shell:Creating environment descriptor '/home/jetson/ros2_ws/install/robot_peripherals_pkg/share/robot_peripherals_pkg/hook/pythonpath.dsv'
[4.699s] INFO:colcon.colcon_core.shell:Creating environment hook '/home/jetson/ros2_ws/install/robot_peripherals_pkg/share/robot_peripherals_pkg/hook/pythonpath.sh'
[4.701s] Level 1:colcon.colcon_core.environment:checking '/home/jetson/ros2_ws/install/robot_peripherals_pkg/bin'
[4.701s] Level 1:colcon.colcon_core.environment:create_environment_scripts_only(robot_peripherals_pkg)
[4.702s] INFO:colcon.colcon_core.shell:Creating package script '/home/jetson/ros2_ws/install/robot_peripherals_pkg/share/robot_peripherals_pkg/package.ps1'
[4.704s] INFO:colcon.colcon_core.shell:Creating package descriptor '/home/jetson/ros2_ws/install/robot_peripherals_pkg/share/robot_peripherals_pkg/package.dsv'
[4.706s] INFO:colcon.colcon_core.shell:Creating package script '/home/jetson/ros2_ws/install/robot_peripherals_pkg/share/robot_peripherals_pkg/package.sh'
[4.707s] INFO:colcon.colcon_core.shell:Creating package script '/home/jetson/ros2_ws/install/robot_peripherals_pkg/share/robot_peripherals_pkg/package.bash'
[4.708s] INFO:colcon.colcon_core.shell:Creating package script '/home/jetson/ros2_ws/install/robot_peripherals_pkg/share/robot_peripherals_pkg/package.zsh'
[4.709s] Level 1:colcon.colcon_core.environment:create_file_with_runtime_dependencies(/home/jetson/ros2_ws/install/robot_peripherals_pkg/share/colcon-core/packages/robot_peripherals_pkg)
[4.711s] DEBUG:colcon.colcon_parallel_executor.executor.parallel:closing loop
[4.713s] DEBUG:colcon.colcon_parallel_executor.executor.parallel:loop closed
[4.714s] DEBUG:colcon.colcon_parallel_executor.executor.parallel:run_until_complete finished with '0'
[4.714s] DEBUG:colcon.colcon_core.event_reactor:joining thread
[4.747s] INFO:colcon.colcon_core.plugin_system:Skipping extension 'colcon_notification.desktop_notification.terminal_notifier': Not used on non-Darwin systems
[4.747s] INFO:colcon.colcon_core.plugin_system:Skipping extension 'colcon_notification.desktop_notification.win32': Not used on non-Windows systems
[4.748s] INFO:colcon.colcon_notification.desktop_notification:Sending desktop notification using 'notify2'
[4.856s] DEBUG:colcon.colcon_core.event_reactor:joined thread
[4.858s] INFO:colcon.colcon_core.shell:Creating prefix script '/home/jetson/ros2_ws/install/local_setup.ps1'
[4.862s] INFO:colcon.colcon_core.shell:Creating prefix util module '/home/jetson/ros2_ws/install/_local_setup_util_ps1.py'
[4.867s] INFO:colcon.colcon_core.shell:Creating prefix chain script '/home/jetson/ros2_ws/install/setup.ps1'
[4.870s] INFO:colcon.colcon_core.shell:Creating prefix script '/home/jetson/ros2_ws/install/local_setup.sh'
[4.871s] INFO:colcon.colcon_core.shell:Creating prefix util module '/home/jetson/ros2_ws/install/_local_setup_util_sh.py'
[4.874s] INFO:colcon.colcon_core.shell:Creating prefix chain script '/home/jetson/ros2_ws/install/setup.sh'
[4.877s] INFO:colcon.colcon_core.shell:Creating prefix script '/home/jetson/ros2_ws/install/local_setup.bash'
[4.879s] INFO:colcon.colcon_core.shell:Creating prefix chain script '/home/jetson/ros2_ws/install/setup.bash'
[4.881s] INFO:colcon.colcon_core.shell:Creating prefix script '/home/jetson/ros2_ws/install/local_setup.zsh'
[4.883s] INFO:colcon.colcon_core.shell:Creating prefix chain script '/home/jetson/ros2_ws/install/setup.zsh'
