running egg_info
creating ../../build/robot_peripherals_pkg/robot_peripherals_pkg.egg-info
writing ../../build/robot_peripherals_pkg/robot_peripherals_pkg.egg-info/PKG-INFO
writing dependency_links to ../../build/robot_peripherals_pkg/robot_peripherals_pkg.egg-info/dependency_links.txt
writing entry points to ../../build/robot_peripherals_pkg/robot_peripherals_pkg.egg-info/entry_points.txt
writing requirements to ../../build/robot_peripherals_pkg/robot_peripherals_pkg.egg-info/requires.txt
writing top-level names to ../../build/robot_peripherals_pkg/robot_peripherals_pkg.egg-info/top_level.txt
writing manifest file '../../build/robot_peripherals_pkg/robot_peripherals_pkg.egg-info/SOURCES.txt'
reading manifest file '../../build/robot_peripherals_pkg/robot_peripherals_pkg.egg-info/SOURCES.txt'
writing manifest file '../../build/robot_peripherals_pkg/robot_peripherals_pkg.egg-info/SOURCES.txt'
running build
running build_py
creating /home/jetson/ros2_ws/build/robot_peripherals_pkg/build
creating /home/jetson/ros2_ws/build/robot_peripherals_pkg/build/lib
creating /home/jetson/ros2_ws/build/robot_peripherals_pkg/build/lib/robot_peripherals_pkg
copying robot_peripherals_pkg/__init__.py -> /home/jetson/ros2_ws/build/robot_peripherals_pkg/build/lib/robot_peripherals_pkg
copying robot_peripherals_pkg/robot_peripherals.py -> /home/jetson/ros2_ws/build/robot_peripherals_pkg/build/lib/robot_peripherals_pkg
running install
running install_lib
creating /home/jetson/ros2_ws/install/robot_peripherals_pkg/lib/python3.10/site-packages/robot_peripherals_pkg
copying /home/jetson/ros2_ws/build/robot_peripherals_pkg/build/lib/robot_peripherals_pkg/__init__.py -> /home/jetson/ros2_ws/install/robot_peripherals_pkg/lib/python3.10/site-packages/robot_peripherals_pkg
copying /home/jetson/ros2_ws/build/robot_peripherals_pkg/build/lib/robot_peripherals_pkg/robot_peripherals.py -> /home/jetson/ros2_ws/install/robot_peripherals_pkg/lib/python3.10/site-packages/robot_peripherals_pkg
byte-compiling /home/jetson/ros2_ws/install/robot_peripherals_pkg/lib/python3.10/site-packages/robot_peripherals_pkg/__init__.py to __init__.cpython-310.pyc
byte-compiling /home/jetson/ros2_ws/install/robot_peripherals_pkg/lib/python3.10/site-packages/robot_peripherals_pkg/robot_peripherals.py to robot_peripherals.cpython-310.pyc
running install_data
creating /home/jetson/ros2_ws/install/robot_peripherals_pkg/share/ament_index
creating /home/jetson/ros2_ws/install/robot_peripherals_pkg/share/ament_index/resource_index
creating /home/jetson/ros2_ws/install/robot_peripherals_pkg/share/ament_index/resource_index/packages
copying resource/robot_peripherals_pkg -> /home/jetson/ros2_ws/install/robot_peripherals_pkg/share/ament_index/resource_index/packages
copying package.xml -> /home/jetson/ros2_ws/install/robot_peripherals_pkg/share/robot_peripherals_pkg
running install_egg_info
Copying ../../build/robot_peripherals_pkg/robot_peripherals_pkg.egg-info to /home/jetson/ros2_ws/install/robot_peripherals_pkg/lib/python3.10/site-packages/robot_peripherals_pkg-0.0.0-py3.10.egg-info
running install_scripts
Installing robot_peripherals script to /home/jetson/ros2_ws/install/robot_peripherals_pkg/lib/robot_peripherals_pkg
writing list of installed files to '/home/jetson/ros2_ws/build/robot_peripherals_pkg/install.log'
