[2.442s] Invoking command in '/home/jetson/ros2_ws/src/tank_control_pkg': PYTHONPATH=/home/jetson/ros2_ws/build/tank_control_pkg/prefix_override:/usr/lib/python3/dist-packages/colcon_core/task/python/colcon_distutils_commands:/home/jetson/ros2_ws/install/tank_control_pkg/lib/python3.10/site-packages:${PYTHONPATH} /usr/bin/python3 -W ignore:setup.py install is deprecated -W ignore:easy_install command is deprecated setup.py egg_info --egg-base ../../build/tank_control_pkg build --build-base /home/jetson/ros2_ws/build/tank_control_pkg/build install --record /home/jetson/ros2_ws/build/tank_control_pkg/install.log --single-version-externally-managed install_data
[3.036s] running egg_info
[3.038s] writing ../../build/tank_control_pkg/tank_control_pkg.egg-info/PKG-INFO
[3.041s] writing dependency_links to ../../build/tank_control_pkg/tank_control_pkg.egg-info/dependency_links.txt
[3.042s] writing entry points to ../../build/tank_control_pkg/tank_control_pkg.egg-info/entry_points.txt
[3.043s] writing requirements to ../../build/tank_control_pkg/tank_control_pkg.egg-info/requires.txt
[3.043s] writing top-level names to ../../build/tank_control_pkg/tank_control_pkg.egg-info/top_level.txt
[3.045s] reading manifest file '../../build/tank_control_pkg/tank_control_pkg.egg-info/SOURCES.txt'
[3.047s] writing manifest file '../../build/tank_control_pkg/tank_control_pkg.egg-info/SOURCES.txt'
[3.048s] running build
[3.049s] running build_py
[3.051s] copying tank_control_pkg/tank_control copy.py -> /home/jetson/ros2_ws/build/tank_control_pkg/build/lib/tank_control_pkg
[3.053s] copying tank_control_pkg/tank_control.py -> /home/jetson/ros2_ws/build/tank_control_pkg/build/lib/tank_control_pkg
[3.055s] running install
[3.055s] running install_lib
[3.056s] copying /home/jetson/ros2_ws/build/tank_control_pkg/build/lib/tank_control_pkg/tank_control copy.py -> /home/jetson/ros2_ws/install/tank_control_pkg/lib/python3.10/site-packages/tank_control_pkg
[3.057s] copying /home/jetson/ros2_ws/build/tank_control_pkg/build/lib/tank_control_pkg/tank_control.py -> /home/jetson/ros2_ws/install/tank_control_pkg/lib/python3.10/site-packages/tank_control_pkg
[3.057s] byte-compiling /home/jetson/ros2_ws/install/tank_control_pkg/lib/python3.10/site-packages/tank_control_pkg/tank_control copy.py to tank_control copy.cpython-310.pyc
[3.060s] byte-compiling /home/jetson/ros2_ws/install/tank_control_pkg/lib/python3.10/site-packages/tank_control_pkg/tank_control.py to tank_control.cpython-310.pyc
[3.063s] running install_data
[3.063s] running install_egg_info
[3.067s] removing '/home/jetson/ros2_ws/install/tank_control_pkg/lib/python3.10/site-packages/tank_control_pkg-0.0.0-py3.10.egg-info' (and everything under it)
[3.069s] Copying ../../build/tank_control_pkg/tank_control_pkg.egg-info to /home/jetson/ros2_ws/install/tank_control_pkg/lib/python3.10/site-packages/tank_control_pkg-0.0.0-py3.10.egg-info
[3.071s] running install_scripts
[3.127s] Installing linear_test script to /home/jetson/ros2_ws/install/tank_control_pkg/lib/tank_control_pkg
[3.128s] Installing tank_control script to /home/jetson/ros2_ws/install/tank_control_pkg/lib/tank_control_pkg
[3.129s] writing list of installed files to '/home/jetson/ros2_ws/build/tank_control_pkg/install.log'
[3.240s] Invoked command in '/home/jetson/ros2_ws/src/tank_control_pkg' returned '0': PYTHONPATH=/home/jetson/ros2_ws/build/tank_control_pkg/prefix_override:/usr/lib/python3/dist-packages/colcon_core/task/python/colcon_distutils_commands:/home/jetson/ros2_ws/install/tank_control_pkg/lib/python3.10/site-packages:${PYTHONPATH} /usr/bin/python3 -W ignore:setup.py install is deprecated -W ignore:easy_install command is deprecated setup.py egg_info --egg-base ../../build/tank_control_pkg build --build-base /home/jetson/ros2_ws/build/tank_control_pkg/build install --record /home/jetson/ros2_ws/build/tank_control_pkg/install.log --single-version-externally-managed install_data
