[2.336s] Invoking command in '/home/jetson/ros2_ws/src/tank_control_pkg': PYTHONPATH=/home/jetson/ros2_ws/build/tank_control_pkg/prefix_override:/usr/lib/python3/dist-packages/colcon_core/task/python/colcon_distutils_commands:/home/jetson/ros2_ws/install/tank_control_pkg/lib/python3.10/site-packages:${PYTHONPATH} /usr/bin/python3 -W ignore:setup.py install is deprecated -W ignore:easy_install command is deprecated setup.py egg_info --egg-base ../../build/tank_control_pkg build --build-base /home/jetson/ros2_ws/build/tank_control_pkg/build install --record /home/jetson/ros2_ws/build/tank_control_pkg/install.log --single-version-externally-managed install_data
[2.932s] running egg_info
[2.933s] writing ../../build/tank_control_pkg/tank_control_pkg.egg-info/PKG-INFO
[2.933s] writing dependency_links to ../../build/tank_control_pkg/tank_control_pkg.egg-info/dependency_links.txt
[2.934s] writing entry points to ../../build/tank_control_pkg/tank_control_pkg.egg-info/entry_points.txt
[2.934s] writing requirements to ../../build/tank_control_pkg/tank_control_pkg.egg-info/requires.txt
[2.934s] writing top-level names to ../../build/tank_control_pkg/tank_control_pkg.egg-info/top_level.txt
[2.940s] reading manifest file '../../build/tank_control_pkg/tank_control_pkg.egg-info/SOURCES.txt'
[2.945s] writing manifest file '../../build/tank_control_pkg/tank_control_pkg.egg-info/SOURCES.txt'
[2.945s] running build
[2.946s] running build_py
[2.946s] copying tank_control_pkg/tank_control.py -> /home/jetson/ros2_ws/build/tank_control_pkg/build/lib/tank_control_pkg
[2.946s] running install
[2.946s] running install_lib
[2.947s] copying /home/jetson/ros2_ws/build/tank_control_pkg/build/lib/tank_control_pkg/tank_control.py -> /home/jetson/ros2_ws/install/tank_control_pkg/lib/python3.10/site-packages/tank_control_pkg
[2.949s] byte-compiling /home/jetson/ros2_ws/install/tank_control_pkg/lib/python3.10/site-packages/tank_control_pkg/tank_control.py to tank_control.cpython-310.pyc
[2.952s] running install_data
[2.953s] running install_egg_info
[2.957s] removing '/home/jetson/ros2_ws/install/tank_control_pkg/lib/python3.10/site-packages/tank_control_pkg-0.0.0-py3.10.egg-info' (and everything under it)
[2.958s] Copying ../../build/tank_control_pkg/tank_control_pkg.egg-info to /home/jetson/ros2_ws/install/tank_control_pkg/lib/python3.10/site-packages/tank_control_pkg-0.0.0-py3.10.egg-info
[2.961s] running install_scripts
[3.018s] Installing linear_test script to /home/jetson/ros2_ws/install/tank_control_pkg/lib/tank_control_pkg
[3.019s] Installing tank_control script to /home/jetson/ros2_ws/install/tank_control_pkg/lib/tank_control_pkg
[3.020s] writing list of installed files to '/home/jetson/ros2_ws/build/tank_control_pkg/install.log'
[3.145s] Invoked command in '/home/jetson/ros2_ws/src/tank_control_pkg' returned '0': PYTHONPATH=/home/jetson/ros2_ws/build/tank_control_pkg/prefix_override:/usr/lib/python3/dist-packages/colcon_core/task/python/colcon_distutils_commands:/home/jetson/ros2_ws/install/tank_control_pkg/lib/python3.10/site-packages:${PYTHONPATH} /usr/bin/python3 -W ignore:setup.py install is deprecated -W ignore:easy_install command is deprecated setup.py egg_info --egg-base ../../build/tank_control_pkg build --build-base /home/jetson/ros2_ws/build/tank_control_pkg/build install --record /home/jetson/ros2_ws/build/tank_control_pkg/install.log --single-version-externally-managed install_data
